======================================================================
EIA Multi-Year Hourly Data Fetcher
======================================================================
  ISOs:  CAISO, ERCOT, PJM, NYISO, NEISO
  Years: 2021, 2022, 2023, 2024, 2025
  Mode:  LIVE
  API key: rCMy...oBNJ
  Output: /home/user/hourly-cfe-optimizer/data
======================================================================

  Estimated API calls: ~425
  Estimated time:     ~1 min (rate-limited)

  Loaded existing demand profiles for 2025 totals
    CAISO: 224,049,522 MWh, peak 43,860 MW
    ERCOT: 487,785,774 MWh, peak 83,597 MW
    PJM: 843,323,800 MWh, peak 160,560 MW
    NYISO: 151,592,608 MWh, peak 31,857 MW
    NEISO: 115,269,653 MWh, peak 25,898 MW

======================================================================
PHASE 1: Fetching EIA-930 hourly data
======================================================================

──────────────────────────────────────────────────
  Fetching CAISO
──────────────────────────────────────────────────

  === CAISO (CISO) — 2021 ===
  Fetching fuel-type data for CISO 2021...
  Connection error: HTTPSConnectionPool(host='api.eia.gov', port=443): Max retries exceeded with url: /v2/electricity/rto/fuel-type-data/data/?frequency=hourly&data%5B0%5D=value&facets%5Brespondent%5D%5B%5D=CISO&start=2021-01-01T00&end=2021-12-31T23&sort%5B0%5D%5Bcolumn%5D=period&sort%5B0%5D%5Bdirection%5D=asc&offset=0&length=5000&api_key=rCMyAk40PIFypAygazPXuEI9cYCddmhBdRKaoBNJ (Caused by ProxyError('Unable to connect to proxy', OSError('Tunnel connection failed: 403 Forbidden'))). Retrying in 2.0s...
  Connection error: HTTPSConnectionPool(host='api.eia.gov', port=443): Max retries exceeded with url: /v2/electricity/rto/fuel-type-data/data/?frequency=hourly&data%5B0%5D=value&facets%5Brespondent%5D%5B%5D=CISO&start=2021-01-01T00&end=2021-12-31T23&sort%5B0%5D%5Bcolumn%5D=period&sort%5B0%5D%5Bdirection%5D=asc&offset=0&length=5000&api_key=rCMyAk40PIFypAygazPXuEI9cYCddmhBdRKaoBNJ (Caused by ProxyError('Unable to connect to proxy', OSError('Tunnel connection failed: 403 Forbidden'))). Retrying in 4.0s...
  Connection error: HTTPSConnectionPool(host='api.eia.gov', port=443): Max retries exceeded with url: /v2/electricity/rto/fuel-type-data/data/?frequency=hourly&data%5B0%5D=value&facets%5Brespondent%5D%5B%5D=CISO&start=2021-01-01T00&end=2021-12-31T23&sort%5B0%5D%5Bcolumn%5D=period&sort%5B0%5D%5Bdirection%5D=asc&offset=0&length=5000&api_key=rCMyAk40PIFypAygazPXuEI9cYCddmhBdRKaoBNJ (Caused by ProxyError('Unable to connect to proxy', OSError('Tunnel connection failed: 403 Forbidden'))). Retrying in 8.0s...
  Connection error: HTTPSConnectionPool(host='api.eia.gov', port=443): Max retries exceeded with url: /v2/electricity/rto/fuel-type-data/data/?frequency=hourly&data%5B0%5D=value&facets%5Brespondent%5D%5B%5D=CISO&start=2021-01-01T00&end=2021-12-31T23&sort%5B0%5D%5Bcolumn%5D=period&sort%5B0%5D%5Bdirection%5D=asc&offset=0&length=5000&api_key=rCMyAk40PIFypAygazPXuEI9cYCddmhBdRKaoBNJ (Caused by ProxyError('Unable to connect to proxy', OSError('Tunnel connection failed: 403 Forbidden'))). Retrying in 16.0s...
  Connection error: HTTPSConnectionPool(host='api.eia.gov', port=443): Max retries exceeded with url: /v2/electricity/rto/fuel-type-data/data/?frequency=hourly&data%5B0%5D=value&facets%5Brespondent%5D%5B%5D=CISO&start=2021-01-01T00&end=2021-12-31T23&sort%5B0%5D%5Bcolumn%5D=period&sort%5B0%5D%5Bdirection%5D=asc&offset=0&length=5000&api_key=rCMyAk40PIFypAygazPXuEI9cYCddmhBdRKaoBNJ (Caused by ProxyError('Unable to connect to proxy', OSError('Tunnel connection failed: 403 Forbidden'))). Retrying in 32.0s...
  FAILED after 5 retries
  Failed to fetch page at offset 0
    Got 0 rows
  Fetching demand data for CISO 2021...
  Connection error: HTTPSConnectionPool(host='api.eia.gov', port=443): Max retries exceeded with url: /v2/electricity/rto/region-data/data/?frequency=hourly&data%5B0%5D=value&facets%5Brespondent%5D%5B%5D=CISO&facets%5Btype%5D%5B%5D=D&start=2021-01-01T00&end=2021-12-31T23&sort%5B0%5D%5Bcolumn%5D=period&sort%5B0%5D%5Bdirection%5D=asc&offset=0&length=5000&api_key=rCMyAk40PIFypAygazPXuEI9cYCddmhBdRKaoBNJ (Caused by ProxyError('Unable to connect to proxy', OSError('Tunnel connection failed: 403 Forbidden'))). Retrying in 2.0s...
  Connection error: HTTPSConnectionPool(host='api.eia.gov', port=443): Max retries exceeded with url: /v2/electricity/rto/region-data/data/?frequency=hourly&data%5B0%5D=value&facets%5Brespondent%5D%5B%5D=CISO&facets%5Btype%5D%5B%5D=D&start=2021-01-01T00&end=2021-12-31T23&sort%5B0%5D%5Bcolumn%5D=period&sort%5B0%5D%5Bdirection%5D=asc&offset=0&length=5000&api_key=rCMyAk40PIFypAygazPXuEI9cYCddmhBdRKaoBNJ (Caused by ProxyError('Unable to connect to proxy', OSError('Tunnel connection failed: 403 Forbidden'))). Retrying in 4.0s...
  Connection error: HTTPSConnectionPool(host='api.eia.gov', port=443): Max retries exceeded with url: /v2/electricity/rto/region-data/data/?frequency=hourly&data%5B0%5D=value&facets%5Brespondent%5D%5B%5D=CISO&facets%5Btype%5D%5B%5D=D&start=2021-01-01T00&end=2021-12-31T23&sort%5B0%5D%5Bcolumn%5D=period&sort%5B0%5D%5Bdirection%5D=asc&offset=0&length=5000&api_key=rCMyAk40PIFypAygazPXuEI9cYCddmhBdRKaoBNJ (Caused by ProxyError('Unable to connect to proxy', OSError('Tunnel connection failed: 403 Forbidden'))). Retrying in 8.0s...
  Connection error: HTTPSConnectionPool(host='api.eia.gov', port=443): Max retries exceeded with url: /v2/electricity/rto/region-data/data/?frequency=hourly&data%5B0%5D=value&facets%5Brespondent%5D%5B%5D=CISO&facets%5Btype%5D%5B%5D=D&start=2021-01-01T00&end=2021-12-31T23&sort%5B0%5D%5Bcolumn%5D=period&sort%5B0%5D%5Bdirection%5D=asc&offset=0&length=5000&api_key=rCMyAk40PIFypAygazPXuEI9cYCddmhBdRKaoBNJ (Caused by ProxyError('Unable to connect to proxy', OSError('Tunnel connection failed: 403 Forbidden'))). Retrying in 16.0s...
  Connection error: HTTPSConnectionPool(host='api.eia.gov', port=443): Max retries exceeded with url: /v2/electricity/rto/region-data/data/?frequency=hourly&data%5B0%5D=value&facets%5Brespondent%5D%5B%5D=CISO&facets%5Btype%5D%5B%5D=D&start=2021-01-01T00&end=2021-12-31T23&sort%5B0%5D%5Bcolumn%5D=period&sort%5B0%5D%5Bdirection%5D=asc&offset=0&length=5000&api_key=rCMyAk40PIFypAygazPXuEI9cYCddmhBdRKaoBNJ (Caused by ProxyError('Unable to connect to proxy', OSError('Tunnel connection failed: 403 Forbidden'))). Retrying in 32.0s...
  FAILED after 5 retries
  Failed to fetch page at offset 0
    Got 0 rows

  === CAISO (CISO) — 2022 ===
  Fetching fuel-type data for CISO 2022...
  Connection error: HTTPSConnectionPool(host='api.eia.gov', port=443): Max retries exceeded with url: /v2/electricity/rto/fuel-type-data/data/?frequency=hourly&data%5B0%5D=value&facets%5Brespondent%5D%5B%5D=CISO&start=2022-01-01T00&end=2022-12-31T23&sort%5B0%5D%5Bcolumn%5D=period&sort%5B0%5D%5Bdirection%5D=asc&offset=0&length=5000&api_key=rCMyAk40PIFypAygazPXuEI9cYCddmhBdRKaoBNJ (Caused by ProxyError('Unable to connect to proxy', OSError('Tunnel connection failed: 403 Forbidden'))). Retrying in 2.0s...
  Connection error: HTTPSConnectionPool(host='api.eia.gov', port=443): Max retries exceeded with url: /v2/electricity/rto/fuel-type-data/data/?frequency=hourly&data%5B0%5D=value&facets%5Brespondent%5D%5B%5D=CISO&start=2022-01-01T00&end=2022-12-31T23&sort%5B0%5D%5Bcolumn%5D=period&sort%5B0%5D%5Bdirection%5D=asc&offset=0&length=5000&api_key=rCMyAk40PIFypAygazPXuEI9cYCddmhBdRKaoBNJ (Caused by ProxyError('Unable to connect to proxy', OSError('Tunnel connection failed: 403 Forbidden'))). Retrying in 4.0s...
  Connection error: HTTPSConnectionPool(host='api.eia.gov', port=443): Max retries exceeded with url: /v2/electricity/rto/fuel-type-data/data/?frequency=hourly&data%5B0%5D=value&facets%5Brespondent%5D%5B%5D=CISO&start=2022-01-01T00&end=2022-12-31T23&sort%5B0%5D%5Bcolumn%5D=period&sort%5B0%5D%5Bdirection%5D=asc&offset=0&length=5000&api_key=rCMyAk40PIFypAygazPXuEI9cYCddmhBdRKaoBNJ (Caused by ProxyError('Unable to connect to proxy', OSError('Tunnel connection failed: 403 Forbidden'))). Retrying in 8.0s...
  Connection error: HTTPSConnectionPool(host='api.eia.gov', port=443): Max retries exceeded with url: /v2/electricity/rto/fuel-type-data/data/?frequency=hourly&data%5B0%5D=value&facets%5Brespondent%5D%5B%5D=CISO&start=2022-01-01T00&end=2022-12-31T23&sort%5B0%5D%5Bcolumn%5D=period&sort%5B0%5D%5Bdirection%5D=asc&offset=0&length=5000&api_key=rCMyAk40PIFypAygazPXuEI9cYCddmhBdRKaoBNJ (Caused by ProxyError('Unable to connect to proxy', OSError('Tunnel connection failed: 403 Forbidden'))). Retrying in 16.0s...
  Connection error: HTTPSConnectionPool(host='api.eia.gov', port=443): Max retries exceeded with url: /v2/electricity/rto/fuel-type-data/data/?frequency=hourly&data%5B0%5D=value&facets%5Brespondent%5D%5B%5D=CISO&start=2022-01-01T00&end=2022-12-31T23&sort%5B0%5D%5Bcolumn%5D=period&sort%5B0%5D%5Bdirection%5D=asc&offset=0&length=5000&api_key=rCMyAk40PIFypAygazPXuEI9cYCddmhBdRKaoBNJ (Caused by ProxyError('Unable to connect to proxy', OSError('Tunnel connection failed: 403 Forbidden'))). Retrying in 32.0s...
  FAILED after 5 retries
  Failed to fetch page at offset 0
    Got 0 rows
  Fetching demand data for CISO 2022...
  Connection error: HTTPSConnectionPool(host='api.eia.gov', port=443): Max retries exceeded with url: /v2/electricity/rto/region-data/data/?frequency=hourly&data%5B0%5D=value&facets%5Brespondent%5D%5B%5D=CISO&facets%5Btype%5D%5B%5D=D&start=2022-01-01T00&end=2022-12-31T23&sort%5B0%5D%5Bcolumn%5D=period&sort%5B0%5D%5Bdirection%5D=asc&offset=0&length=5000&api_key=rCMyAk40PIFypAygazPXuEI9cYCddmhBdRKaoBNJ (Caused by ProxyError('Unable to connect to proxy', OSError('Tunnel connection failed: 403 Forbidden'))). Retrying in 2.0s...
  Connection error: HTTPSConnectionPool(host='api.eia.gov', port=443): Max retries exceeded with url: /v2/electricity/rto/region-data/data/?frequency=hourly&data%5B0%5D=value&facets%5Brespondent%5D%5B%5D=CISO&facets%5Btype%5D%5B%5D=D&start=2022-01-01T00&end=2022-12-31T23&sort%5B0%5D%5Bcolumn%5D=period&sort%5B0%5D%5Bdirection%5D=asc&offset=0&length=5000&api_key=rCMyAk40PIFypAygazPXuEI9cYCddmhBdRKaoBNJ (Caused by ProxyError('Unable to connect to proxy', OSError('Tunnel connection failed: 403 Forbidden'))). Retrying in 4.0s...
  Connection error: HTTPSConnectionPool(host='api.eia.gov', port=443): Max retries exceeded with url: /v2/electricity/rto/region-data/data/?frequency=hourly&data%5B0%5D=value&facets%5Brespondent%5D%5B%5D=CISO&facets%5Btype%5D%5B%5D=D&start=2022-01-01T00&end=2022-12-31T23&sort%5B0%5D%5Bcolumn%5D=period&sort%5B0%5D%5Bdirection%5D=asc&offset=0&length=5000&api_key=rCMyAk40PIFypAygazPXuEI9cYCddmhBdRKaoBNJ (Caused by ProxyError('Unable to connect to proxy', OSError('Tunnel connection failed: 403 Forbidden'))). Retrying in 8.0s...
  Connection error: HTTPSConnectionPool(host='api.eia.gov', port=443): Max retries exceeded with url: /v2/electricity/rto/region-data/data/?frequency=hourly&data%5B0%5D=value&facets%5Brespondent%5D%5B%5D=CISO&facets%5Btype%5D%5B%5D=D&start=2022-01-01T00&end=2022-12-31T23&sort%5B0%5D%5Bcolumn%5D=period&sort%5B0%5D%5Bdirection%5D=asc&offset=0&length=5000&api_key=rCMyAk40PIFypAygazPXuEI9cYCddmhBdRKaoBNJ (Caused by ProxyError('Unable to connect to proxy', OSError('Tunnel connection failed: 403 Forbidden'))). Retrying in 16.0s...
  Connection error: HTTPSConnectionPool(host='api.eia.gov', port=443): Max retries exceeded with url: /v2/electricity/rto/region-data/data/?frequency=hourly&data%5B0%5D=value&facets%5Brespondent%5D%5B%5D=CISO&facets%5Btype%5D%5B%5D=D&start=2022-01-01T00&end=2022-12-31T23&sort%5B0%5D%5Bcolumn%5D=period&sort%5B0%5D%5Bdirection%5D=asc&offset=0&length=5000&api_key=rCMyAk40PIFypAygazPXuEI9cYCddmhBdRKaoBNJ (Caused by ProxyError('Unable to connect to proxy', OSError('Tunnel connection failed: 403 Forbidden'))). Retrying in 32.0s...
  FAILED after 5 retries
  Failed to fetch page at offset 0
    Got 0 rows

  === CAISO (CISO) — 2023 ===
  Fetching fuel-type data for CISO 2023...
  Connection error: HTTPSConnectionPool(host='api.eia.gov', port=443): Max retries exceeded with url: /v2/electricity/rto/fuel-type-data/data/?frequency=hourly&data%5B0%5D=value&facets%5Brespondent%5D%5B%5D=CISO&start=2023-01-01T00&end=2023-12-31T23&sort%5B0%5D%5Bcolumn%5D=period&sort%5B0%5D%5Bdirection%5D=asc&offset=0&length=5000&api_key=rCMyAk40PIFypAygazPXuEI9cYCddmhBdRKaoBNJ (Caused by ProxyError('Unable to connect to proxy', OSError('Tunnel connection failed: 403 Forbidden'))). Retrying in 2.0s...
  Connection error: HTTPSConnectionPool(host='api.eia.gov', port=443): Max retries exceeded with url: /v2/electricity/rto/fuel-type-data/data/?frequency=hourly&data%5B0%5D=value&facets%5Brespondent%5D%5B%5D=CISO&start=2023-01-01T00&end=2023-12-31T23&sort%5B0%5D%5Bcolumn%5D=period&sort%5B0%5D%5Bdirection%5D=asc&offset=0&length=5000&api_key=rCMyAk40PIFypAygazPXuEI9cYCddmhBdRKaoBNJ (Caused by ProxyError('Unable to connect to proxy', OSError('Tunnel connection failed: 403 Forbidden'))). Retrying in 4.0s...
  Connection error: HTTPSConnectionPool(host='api.eia.gov', port=443): Max retries exceeded with url: /v2/electricity/rto/fuel-type-data/data/?frequency=hourly&data%5B0%5D=value&facets%5Brespondent%5D%5B%5D=CISO&start=2023-01-01T00&end=2023-12-31T23&sort%5B0%5D%5Bcolumn%5D=period&sort%5B0%5D%5Bdirection%5D=asc&offset=0&length=5000&api_key=rCMyAk40PIFypAygazPXuEI9cYCddmhBdRKaoBNJ (Caused by ProxyError('Unable to connect to proxy', OSError('Tunnel connection failed: 403 Forbidden'))). Retrying in 8.0s...
  Connection error: HTTPSConnectionPool(host='api.eia.gov', port=443): Max retries exceeded with url: /v2/electricity/rto/fuel-type-data/data/?frequency=hourly&data%5B0%5D=value&facets%5Brespondent%5D%5B%5D=CISO&start=2023-01-01T00&end=2023-12-31T23&sort%5B0%5D%5Bcolumn%5D=period&sort%5B0%5D%5Bdirection%5D=asc&offset=0&length=5000&api_key=rCMyAk40PIFypAygazPXuEI9cYCddmhBdRKaoBNJ (Caused by ProxyError('Unable to connect to proxy', OSError('Tunnel connection failed: 403 Forbidden'))). Retrying in 16.0s...
  Connection error: HTTPSConnectionPool(host='api.eia.gov', port=443): Max retries exceeded with url: /v2/electricity/rto/fuel-type-data/data/?frequency=hourly&data%5B0%5D=value&facets%5Brespondent%5D%5B%5D=CISO&start=2023-01-01T00&end=2023-12-31T23&sort%5B0%5D%5Bcolumn%5D=period&sort%5B0%5D%5Bdirection%5D=asc&offset=0&length=5000&api_key=rCMyAk40PIFypAygazPXuEI9cYCddmhBdRKaoBNJ (Caused by ProxyError('Unable to connect to proxy', OSError('Tunnel connection failed: 403 Forbidden'))). Retrying in 32.0s...
  FAILED after 5 retries
  Failed to fetch page at offset 0
    Got 0 rows
  Fetching demand data for CISO 2023...
  Connection error: HTTPSConnectionPool(host='api.eia.gov', port=443): Max retries exceeded with url: /v2/electricity/rto/region-data/data/?frequency=hourly&data%5B0%5D=value&facets%5Brespondent%5D%5B%5D=CISO&facets%5Btype%5D%5B%5D=D&start=2023-01-01T00&end=2023-12-31T23&sort%5B0%5D%5Bcolumn%5D=period&sort%5B0%5D%5Bdirection%5D=asc&offset=0&length=5000&api_key=rCMyAk40PIFypAygazPXuEI9cYCddmhBdRKaoBNJ (Caused by ProxyError('Unable to connect to proxy', OSError('Tunnel connection failed: 403 Forbidden'))). Retrying in 2.0s...
  Connection error: HTTPSConnectionPool(host='api.eia.gov', port=443): Max retries exceeded with url: /v2/electricity/rto/region-data/data/?frequency=hourly&data%5B0%5D=value&facets%5Brespondent%5D%5B%5D=CISO&facets%5Btype%5D%5B%5D=D&start=2023-01-01T00&end=2023-12-31T23&sort%5B0%5D%5Bcolumn%5D=period&sort%5B0%5D%5Bdirection%5D=asc&offset=0&length=5000&api_key=rCMyAk40PIFypAygazPXuEI9cYCddmhBdRKaoBNJ (Caused by ProxyError('Unable to connect to proxy', OSError('Tunnel connection failed: 403 Forbidden'))). Retrying in 4.0s...
  Connection error: HTTPSConnectionPool(host='api.eia.gov', port=443): Max retries exceeded with url: /v2/electricity/rto/region-data/data/?frequency=hourly&data%5B0%5D=value&facets%5Brespondent%5D%5B%5D=CISO&facets%5Btype%5D%5B%5D=D&start=2023-01-01T00&end=2023-12-31T23&sort%5B0%5D%5Bcolumn%5D=period&sort%5B0%5D%5Bdirection%5D=asc&offset=0&length=5000&api_key=rCMyAk40PIFypAygazPXuEI9cYCddmhBdRKaoBNJ (Caused by ProxyError('Unable to connect to proxy', OSError('Tunnel connection failed: 403 Forbidden'))). Retrying in 8.0s...
  Connection error: HTTPSConnectionPool(host='api.eia.gov', port=443): Max retries exceeded with url: /v2/electricity/rto/region-data/data/?frequency=hourly&data%5B0%5D=value&facets%5Brespondent%5D%5B%5D=CISO&facets%5Btype%5D%5B%5D=D&start=2023-01-01T00&end=2023-12-31T23&sort%5B0%5D%5Bcolumn%5D=period&sort%5B0%5D%5Bdirection%5D=asc&offset=0&length=5000&api_key=rCMyAk40PIFypAygazPXuEI9cYCddmhBdRKaoBNJ (Caused by ProxyError('Unable to connect to proxy', OSError('Tunnel connection failed: 403 Forbidden'))). Retrying in 16.0s...
  Connection error: HTTPSConnectionPool(host='api.eia.gov', port=443): Max retries exceeded with url: /v2/electricity/rto/region-data/data/?frequency=hourly&data%5B0%5D=value&facets%5Brespondent%5D%5B%5D=CISO&facets%5Btype%5D%5B%5D=D&start=2023-01-01T00&end=2023-12-31T23&sort%5B0%5D%5Bcolumn%5D=period&sort%5B0%5D%5Bdirection%5D=asc&offset=0&length=5000&api_key=rCMyAk40PIFypAygazPXuEI9cYCddmhBdRKaoBNJ (Caused by ProxyError('Unable to connect to proxy', OSError('Tunnel connection failed: 403 Forbidden'))). Retrying in 32.0s...
  FAILED after 5 retries
  Failed to fetch page at offset 0
    Got 0 rows

  === CAISO (CISO) — 2024 ===
  Fetching fuel-type data for CISO 2024...
  Connection error: HTTPSConnectionPool(host='api.eia.gov', port=443): Max retries exceeded with url: /v2/electricity/rto/fuel-type-data/data/?frequency=hourly&data%5B0%5D=value&facets%5Brespondent%5D%5B%5D=CISO&start=2024-01-01T00&end=2024-12-31T23&sort%5B0%5D%5Bcolumn%5D=period&sort%5B0%5D%5Bdirection%5D=asc&offset=0&length=5000&api_key=rCMyAk40PIFypAygazPXuEI9cYCddmhBdRKaoBNJ (Caused by ProxyError('Unable to connect to proxy', OSError('Tunnel connection failed: 403 Forbidden'))). Retrying in 2.0s...
