Loading data...
  CAISO: gen profiles averaged over 5 years (2021, 2022, 2023, 2024, 2025)
  ERCOT: gen profiles averaged over 5 years (2021, 2022, 2023, 2024, 2025)
  PJM: gen profiles averaged over 5 years (2021, 2022, 2023, 2024, 2025)
  NYISO: gen profiles averaged over 5 years (2021, 2022, 2023, 2024, 2025)
  NEISO: gen profiles averaged over 5 years (2021, 2022, 2023, 2024, 2025)
  CAISO: demand shape averaged over 5 years, scalars from 2025
  ERCOT: demand shape averaged over 5 years, scalars from 2025
  PJM: demand shape averaged over 5 years, scalars from 2025
  NYISO: demand shape averaged over 5 years, scalars from 2025
  NEISO: demand shape averaged over 5 years, scalars from 2025
  Data loaded.

======================================================================
  CAISO (California)
======================================================================
    [checkpoint] Resuming CAISO from threshold-92.5-partial-11of29: 5 thresholds done, partial 92.5% (11/324 scenarios)
  Resuming from checkpoint: sweep done, 5 thresholds complete
  Sweep: loaded from checkpoint (7 points)

  Cost-optimizing thresholds (324 scenarios each)... [5 done, 5 remaining]
    [cache] Loaded CAISO 92.5% score cache: 509325 entries
    [cache] Loaded CAISO 92.5% score cache: 509325 entries
    [cache] Cumulative score cache: 509325 entries (shared across thresholds)
    75%: loaded from checkpoint — skipping
    80%: loaded from checkpoint — skipping
    85%: loaded from checkpoint — skipping
    87.5%: loaded from checkpoint — skipping
    90%: loaded from checkpoint — skipping
    92.5%: resuming from partial checkpoint (11/324 scenarios done)
      (pruned: 29 representative scenarios, filling 295 via cross-pollination)
      Warm-start: 11 diverse seed mixes from Medium + 4 archetypes
    [checkpoint] Saved CAISO (threshold-92.5-partial-12of29) → 506 KB
    [cache] Saved CAISO 92.5% score cache: 519955 entries (35.4 MB)
    [checkpoint] Saved CAISO (threshold-92.5-partial-13of29) → 507 KB
    [checkpoint] Saved CAISO (threshold-92.5-partial-14of29) → 507 KB
    [checkpoint] Saved CAISO (threshold-92.5-partial-15of29) → 507 KB
    [checkpoint] Saved CAISO (threshold-92.5-partial-16of29) → 508 KB
    [checkpoint] Saved CAISO (threshold-92.5-partial-17of29) → 508 KB
    [checkpoint] Saved CAISO (threshold-92.5-partial-18of29) → 508 KB
    [checkpoint] Saved CAISO (threshold-92.5-partial-19of29) → 508 KB
    [checkpoint] Saved CAISO (threshold-92.5-partial-20of29) → 509 KB
    [checkpoint] Saved CAISO (threshold-92.5-partial-21of29) → 509 KB
    [cache] Saved CAISO 92.5% score cache: 576259 entries (39.2 MB)
    [checkpoint] Saved CAISO (threshold-92.5-partial-22of29) → 509 KB
    [checkpoint] Saved CAISO (threshold-92.5-partial-23of29) → 510 KB
    [checkpoint] Saved CAISO (threshold-92.5-partial-24of29) → 510 KB
    [checkpoint] Saved CAISO (threshold-92.5-partial-25of29) → 510 KB
    [checkpoint] Saved CAISO (threshold-92.5-partial-26of29) → 510 KB
    [checkpoint] Saved CAISO (threshold-92.5-partial-27of29) → 511 KB
    [checkpoint] Saved CAISO (threshold-92.5-partial-28of29) → 511 KB
    [checkpoint] Saved CAISO (threshold-92.5-partial-29of29) → 511 KB
      RESAMPLE round 1: 19 unique / 29 run = 66% > 50% — adding 10 midpoint scenarios
    [checkpoint] Saved CAISO (threshold-92.5-resample-30) → 512 KB
    [checkpoint] Saved CAISO (threshold-92.5-resample-31) → 512 KB
    [checkpoint] Saved CAISO (threshold-92.5-resample-32) → 512 KB
    [checkpoint] Saved CAISO (threshold-92.5-resample-33) → 513 KB
    [checkpoint] Saved CAISO (threshold-92.5-resample-34) → 513 KB
    [checkpoint] Saved CAISO (threshold-92.5-resample-35) → 513 KB
    [checkpoint] Saved CAISO (threshold-92.5-resample-36) → 513 KB
    [checkpoint] Saved CAISO (threshold-92.5-resample-37) → 514 KB
    [checkpoint] Saved CAISO (threshold-92.5-resample-38) → 514 KB
    [checkpoint] Saved CAISO (threshold-92.5-resample-39) → 514 KB
      RESAMPLE round 2: 23 unique / 39 run = 59% > 50% — adding 8 midpoint scenarios
    [checkpoint] Saved CAISO (threshold-92.5-resample-40) → 515 KB
    [checkpoint] Saved CAISO (threshold-92.5-resample-41) → 515 KB
    [checkpoint] Saved CAISO (threshold-92.5-resample-42) → 515 KB
    [checkpoint] Saved CAISO (threshold-92.5-resample-43) → 515 KB
    [checkpoint] Saved CAISO (threshold-92.5-resample-44) → 516 KB
    [checkpoint] Saved CAISO (threshold-92.5-resample-45) → 516 KB
    [checkpoint] Saved CAISO (threshold-92.5-resample-46) → 516 KB
    [checkpoint] Saved CAISO (threshold-92.5-resample-47) → 517 KB
      RESAMPLE round 3: 26 unique / 47 run = 55% > 50% — adding 6 midpoint scenarios
    [checkpoint] Saved CAISO (threshold-92.5-resample-48) → 517 KB
    [checkpoint] Saved CAISO (threshold-92.5-resample-49) → 517 KB
    [checkpoint] Saved CAISO (threshold-92.5-resample-50) → 518 KB
    [checkpoint] Saved CAISO (threshold-92.5-resample-51) → 518 KB
    [checkpoint] Saved CAISO (threshold-92.5-resample-52) → 518 KB
    [checkpoint] Saved CAISO (threshold-92.5-resample-53) → 518 KB
      RESAMPLE round 4: 27 unique / 53 run = 51% > 50% — adding 2 midpoint scenarios
    [checkpoint] Saved CAISO (threshold-92.5-resample-54) → 519 KB
    [checkpoint] Saved CAISO (threshold-92.5-resample-55) → 519 KB
      RESAMPLE round 5: 28 unique / 55 run = 51% > 50% — adding 2 midpoint scenarios
    [checkpoint] Saved CAISO (threshold-92.5-resample-56) → 519 KB
    [checkpoint] Saved CAISO (threshold-92.5-resample-57) → 520 KB
    92.5%: 46 optimized scenarios (warm-start: 18, full: 1), cache=684735, 1012.2s | Medium: CF54/Sol29/Wnd9/CCS0/Hyd8 batt=2% ldes=2% | 18 unique archetypes discovered
      Cross-pollination: 1413 improvements, 267 filled via cross-pollination, 28 unique mixes → 324/324 total
    [checkpoint] Saved CAISO (threshold-92.5) → 602 KB
    [cache] Saved CAISO 92.5% score cache: 684735 entries (46.6 MB)
      (pruned: 29 representative scenarios, filling 295 via cross-pollination)
    [checkpoint] Saved CAISO (threshold-95-partial-1of29) → 602 KB
    [cache] Saved CAISO 95% score cache: 709347 entries (48.2 MB)
    [checkpoint] Saved CAISO (threshold-95-partial-2of29) → 602 KB
    [checkpoint] Saved CAISO (threshold-95-partial-3of29) → 603 KB
    [checkpoint] Saved CAISO (threshold-95-partial-4of29) → 603 KB
    [checkpoint] Saved CAISO (threshold-95-partial-5of29) → 603 KB
      Warm-start: 4 diverse seed mixes from Medium + 4 archetypes
    [checkpoint] Saved CAISO (threshold-95-partial-6of29) → 603 KB
    [checkpoint] Saved CAISO (threshold-95-partial-7of29) → 604 KB
    [checkpoint] Saved CAISO (threshold-95-partial-8of29) → 604 KB
    [checkpoint] Saved CAISO (threshold-95-partial-9of29) → 604 KB
    [checkpoint] Saved CAISO (threshold-95-partial-10of29) → 605 KB
    [cache] Saved CAISO 95% score cache: 773240 entries (52.5 MB)
    [checkpoint] Saved CAISO (threshold-95-partial-11of29) → 605 KB
    [checkpoint] Saved CAISO (threshold-95-partial-12of29) → 605 KB
    [checkpoint] Saved CAISO (threshold-95-partial-13of29) → 606 KB
    [checkpoint] Saved CAISO (threshold-95-partial-14of29) → 606 KB
    [checkpoint] Saved CAISO (threshold-95-partial-15of29) → 606 KB
    [checkpoint] Saved CAISO (threshold-95-partial-16of29) → 606 KB
    [checkpoint] Saved CAISO (threshold-95-partial-17of29) → 607 KB
    [checkpoint] Saved CAISO (threshold-95-partial-18of29) → 607 KB
    [checkpoint] Saved CAISO (threshold-95-partial-19of29) → 607 KB
    [checkpoint] Saved CAISO (threshold-95-partial-20of29) → 608 KB
    [cache] Saved CAISO 95% score cache: 812031 entries (55.1 MB)
    [checkpoint] Saved CAISO (threshold-95-partial-21of29) → 608 KB
    [checkpoint] Saved CAISO (threshold-95-partial-22of29) → 608 KB
    [checkpoint] Saved CAISO (threshold-95-partial-23of29) → 608 KB
    [checkpoint] Saved CAISO (threshold-95-partial-24of29) → 609 KB
    [checkpoint] Saved CAISO (threshold-95-partial-25of29) → 609 KB
    [checkpoint] Saved CAISO (threshold-95-partial-26of29) → 609 KB
    [checkpoint] Saved CAISO (threshold-95-partial-27of29) → 610 KB
    [checkpoint] Saved CAISO (threshold-95-partial-28of29) → 610 KB
    [checkpoint] Saved CAISO (threshold-95-partial-29of29) → 610 KB
    95%: 29 optimized scenarios (warm-start: 24, full: 1), cache=835782, 881.8s | Medium: CF14/Sol34/Wnd9/CCS34/Hyd9 batt=2% ldes=2% | 13 unique archetypes discovered
      Cross-pollination: 1012 improvements, 295 filled via cross-pollination, 14 unique mixes → 324/324 total
    [checkpoint] Saved CAISO (threshold-95) → 701 KB
    [cache] Saved CAISO 95% score cache: 835782 entries (56.7 MB)
      (pruned: 29 representative scenarios, filling 295 via cross-pollination)
    [checkpoint] Saved CAISO (threshold-97.5-partial-1of29) → 701 KB
    [cache] Saved CAISO 97.5% score cache: 857405 entries (58.2 MB)
    [checkpoint] Saved CAISO (threshold-97.5-partial-2of29) → 701 KB
    [checkpoint] Saved CAISO (threshold-97.5-partial-3of29) → 701 KB
    [checkpoint] Saved CAISO (threshold-97.5-partial-4of29) → 702 KB
    [checkpoint] Saved CAISO (threshold-97.5-partial-5of29) → 702 KB
      Warm-start: 5 diverse seed mixes from Medium + 4 archetypes
    [checkpoint] Saved CAISO (threshold-97.5-partial-6of29) → 702 KB
    [checkpoint] Saved CAISO (threshold-97.5-partial-7of29) → 703 KB
    [checkpoint] Saved CAISO (threshold-97.5-partial-8of29) → 703 KB
    [checkpoint] Saved CAISO (threshold-97.5-partial-9of29) → 703 KB
    [checkpoint] Saved CAISO (threshold-97.5-partial-10of29) → 704 KB
    [cache] Saved CAISO 97.5% score cache: 923606 entries (62.6 MB)
    [checkpoint] Saved CAISO (threshold-97.5-partial-11of29) → 704 KB
    [checkpoint] Saved CAISO (threshold-97.5-partial-12of29) → 704 KB
    [checkpoint] Saved CAISO (threshold-97.5-partial-13of29) → 704 KB
    [checkpoint] Saved CAISO (threshold-97.5-partial-14of29) → 705 KB
    [checkpoint] Saved CAISO (threshold-97.5-partial-15of29) → 705 KB
    [checkpoint] Saved CAISO (threshold-97.5-partial-16of29) → 705 KB
    [checkpoint] Saved CAISO (threshold-97.5-partial-17of29) → 706 KB
    [checkpoint] Saved CAISO (threshold-97.5-partial-18of29) → 706 KB
    [checkpoint] Saved CAISO (threshold-97.5-partial-19of29) → 706 KB
    [checkpoint] Saved CAISO (threshold-97.5-partial-20of29) → 706 KB
    [cache] Saved CAISO 97.5% score cache: 982502 entries (66.6 MB)
    [checkpoint] Saved CAISO (threshold-97.5-partial-21of29) → 707 KB
    [checkpoint] Saved CAISO (threshold-97.5-partial-22of29) → 707 KB
    [checkpoint] Saved CAISO (threshold-97.5-partial-23of29) → 707 KB
    [checkpoint] Saved CAISO (threshold-97.5-partial-24of29) → 708 KB
    [checkpoint] Saved CAISO (threshold-97.5-partial-25of29) → 708 KB
    [checkpoint] Saved CAISO (threshold-97.5-partial-26of29) → 708 KB
    [checkpoint] Saved CAISO (threshold-97.5-partial-27of29) → 708 KB
    [checkpoint] Saved CAISO (threshold-97.5-partial-28of29) → 709 KB
    [checkpoint] Saved CAISO (threshold-97.5-partial-29of29) → 709 KB
      RESAMPLE round 1: 19 unique / 29 run = 66% > 50% — adding 10 midpoint scenarios
    [checkpoint] Saved CAISO (threshold-97.5-resample-30) → 709 KB
    [checkpoint] Saved CAISO (threshold-97.5-resample-31) → 710 KB
    [checkpoint] Saved CAISO (threshold-97.5-resample-32) → 710 KB
    [checkpoint] Saved CAISO (threshold-97.5-resample-33) → 710 KB
    [checkpoint] Saved CAISO (threshold-97.5-resample-34) → 711 KB
    [checkpoint] Saved CAISO (threshold-97.5-resample-35) → 711 KB
    [checkpoint] Saved CAISO (threshold-97.5-resample-36) → 711 KB
    [checkpoint] Saved CAISO (threshold-97.5-resample-37) → 711 KB
    [checkpoint] Saved CAISO (threshold-97.5-resample-38) → 712 KB
    [checkpoint] Saved CAISO (threshold-97.5-resample-39) → 712 KB
      RESAMPLE round 2: 24 unique / 39 run = 62% > 50% — adding 10 midpoint scenarios
    [checkpoint] Saved CAISO (threshold-97.5-resample-40) → 712 KB
    [checkpoint] Saved CAISO (threshold-97.5-resample-41) → 713 KB
    [checkpoint] Saved CAISO (threshold-97.5-resample-42) → 713 KB
    [checkpoint] Saved CAISO (threshold-97.5-resample-43) → 713 KB
    [checkpoint] Saved CAISO (threshold-97.5-resample-44) → 713 KB
    [checkpoint] Saved CAISO (threshold-97.5-resample-45) → 714 KB
    [checkpoint] Saved CAISO (threshold-97.5-resample-46) → 714 KB
    [checkpoint] Saved CAISO (threshold-97.5-resample-47) → 714 KB
    [checkpoint] Saved CAISO (threshold-97.5-resample-48) → 715 KB
    [checkpoint] Saved CAISO (threshold-97.5-resample-49) → 715 KB
      RESAMPLE round 3: 26 unique / 49 run = 53% > 50% — adding 4 midpoint scenarios
    [checkpoint] Saved CAISO (threshold-97.5-resample-50) → 715 KB
    [checkpoint] Saved CAISO (threshold-97.5-resample-51) → 715 KB
    [checkpoint] Saved CAISO (threshold-97.5-resample-52) → 716 KB
    [checkpoint] Saved CAISO (threshold-97.5-resample-53) → 716 KB
      Resampling converged: 26 unique mixes / 53 scenarios = 49%
    97.5%: 53 optimized scenarios (warm-start: 24, full: 1), cache=1102794, 1401.9s | Medium: CF19/Sol29/Wnd9/CCS34/Hyd9 batt=2% ldes=2% | 14 unique archetypes discovered
      Cross-pollination: 1287 improvements, 271 filled via cross-pollination, 26 unique mixes → 324/324 total
    [checkpoint] Saved CAISO (threshold-97.5) → 799 KB
    [cache] Saved CAISO 97.5% score cache: 1102794 entries (74.7 MB)
      (pruned: 29 representative scenarios, filling 295 via cross-pollination)
    [checkpoint] Saved CAISO (threshold-99-partial-1of29) → 800 KB
    [cache] Saved CAISO 99% score cache: 1120577 entries (75.9 MB)
    [checkpoint] Saved CAISO (threshold-99-partial-2of29) → 800 KB
    [checkpoint] Saved CAISO (threshold-99-partial-3of29) → 800 KB
    [checkpoint] Saved CAISO (threshold-99-partial-4of29) → 801 KB
    [checkpoint] Saved CAISO (threshold-99-partial-5of29) → 801 KB
      Warm-start: 5 diverse seed mixes from Medium + 4 archetypes
    [checkpoint] Saved CAISO (threshold-99-partial-6of29) → 801 KB
    [checkpoint] Saved CAISO (threshold-99-partial-7of29) → 801 KB
    [checkpoint] Saved CAISO (threshold-99-partial-8of29) → 802 KB
    [checkpoint] Saved CAISO (threshold-99-partial-9of29) → 802 KB
    [checkpoint] Saved CAISO (threshold-99-partial-10of29) → 802 KB
    [cache] Saved CAISO 99% score cache: 1210278 entries (81.9 MB)
    [checkpoint] Saved CAISO (threshold-99-partial-11of29) → 803 KB
    [checkpoint] Saved CAISO (threshold-99-partial-12of29) → 803 KB
    [checkpoint] Saved CAISO (threshold-99-partial-13of29) → 803 KB
    [checkpoint] Saved CAISO (threshold-99-partial-14of29) → 804 KB
    [checkpoint] Saved CAISO (threshold-99-partial-15of29) → 804 KB
    [checkpoint] Saved CAISO (threshold-99-partial-16of29) → 804 KB
    [checkpoint] Saved CAISO (threshold-99-partial-17of29) → 804 KB
    [checkpoint] Saved CAISO (threshold-99-partial-18of29) → 805 KB
    [checkpoint] Saved CAISO (threshold-99-partial-19of29) → 805 KB
    [checkpoint] Saved CAISO (threshold-99-partial-20of29) → 805 KB
    [cache] Saved CAISO 99% score cache: 1266829 entries (85.7 MB)
    [checkpoint] Saved CAISO (threshold-99-partial-21of29) → 806 KB
    [checkpoint] Saved CAISO (threshold-99-partial-22of29) → 806 KB
    [checkpoint] Saved CAISO (threshold-99-partial-23of29) → 806 KB
    [checkpoint] Saved CAISO (threshold-99-partial-24of29) → 806 KB
    [checkpoint] Saved CAISO (threshold-99-partial-25of29) → 807 KB
    [checkpoint] Saved CAISO (threshold-99-partial-26of29) → 807 KB
    [checkpoint] Saved CAISO (threshold-99-partial-27of29) → 807 KB
    [checkpoint] Saved CAISO (threshold-99-partial-28of29) → 808 KB
    [checkpoint] Saved CAISO (threshold-99-partial-29of29) → 808 KB
      RESAMPLE round 1: 17 unique / 29 run = 59% > 50% — adding 6 midpoint scenarios
    [checkpoint] Saved CAISO (threshold-99-resample-30) → 808 KB
    [checkpoint] Saved CAISO (threshold-99-resample-31) → 808 KB
    [checkpoint] Saved CAISO (threshold-99-resample-32) → 809 KB
    [checkpoint] Saved CAISO (threshold-99-resample-33) → 809 KB
    [checkpoint] Saved CAISO (threshold-99-resample-34) → 809 KB
    [checkpoint] Saved CAISO (threshold-99-resample-35) → 810 KB
      RESAMPLE round 2: 20 unique / 35 run = 57% > 50% — adding 6 midpoint scenarios
    [checkpoint] Saved CAISO (threshold-99-resample-36) → 810 KB
    [checkpoint] Saved CAISO (threshold-99-resample-37) → 810 KB
    [checkpoint] Saved CAISO (threshold-99-resample-38) → 811 KB
    [checkpoint] Saved CAISO (threshold-99-resample-39) → 811 KB
    [checkpoint] Saved CAISO (threshold-99-resample-40) → 811 KB
    [checkpoint] Saved CAISO (threshold-99-resample-41) → 811 KB
      RESAMPLE round 3: 22 unique / 41 run = 54% > 50% — adding 4 midpoint scenarios
    [checkpoint] Saved CAISO (threshold-99-resample-42) → 812 KB
    [checkpoint] Saved CAISO (threshold-99-resample-43) → 812 KB
    [checkpoint] Saved CAISO (threshold-99-resample-44) → 812 KB
    [checkpoint] Saved CAISO (threshold-99-resample-45) → 813 KB
      RESAMPLE round 4: 23 unique / 45 run = 51% > 50% — adding 2 midpoint scenarios
    [checkpoint] Saved CAISO (threshold-99-resample-46) → 813 KB
    [checkpoint] Saved CAISO (threshold-99-resample-47) → 813 KB
      Resampling converged: 23 unique mixes / 47 scenarios = 49%
    99%: 47 optimized scenarios (warm-start: 24, full: 1), cache=1407446, 1511.2s | Medium: CF44/Sol34/Wnd9/CCS4/Hyd9 batt=2% ldes=2% | 12 unique archetypes discovered
      Cross-pollination: 1229 improvements, 277 filled via cross-pollination, 23 unique mixes → 324/324 total
    [checkpoint] Saved CAISO (threshold-99) → 898 KB
    [cache] Saved CAISO 99% score cache: 1407446 entries (95.1 MB)
      (pruned: 29 representative scenarios, filling 295 via cross-pollination)
    [checkpoint] Saved CAISO (threshold-100-partial-0of29) → 898 KB
    [cache] Saved CAISO 100% score cache: 1420966 entries (96.0 MB)
    [checkpoint] Saved CAISO (threshold-100-partial-0of29) → 898 KB
    [checkpoint] Saved CAISO (threshold-100-partial-0of29) → 898 KB
    [checkpoint] Saved CAISO (threshold-100-partial-0of29) → 898 KB
    [checkpoint] Saved CAISO (threshold-100-partial-0of29) → 898 KB
      Warm-start: 0 diverse seed mixes from Medium + 0 archetypes
    [checkpoint] Saved CAISO (threshold-100-partial-0of29) → 898 KB
    [checkpoint] Saved CAISO (threshold-100-partial-0of29) → 898 KB
    [checkpoint] Saved CAISO (threshold-100-partial-0of29) → 898 KB
    [checkpoint] Saved CAISO (threshold-100-partial-0of29) → 898 KB
    [checkpoint] Saved CAISO (threshold-100-partial-0of29) → 898 KB
    [cache] Saved CAISO 100% score cache: 1420966 entries (96.0 MB)
    [checkpoint] Saved CAISO (threshold-100-partial-0of29) → 898 KB
    [checkpoint] Saved CAISO (threshold-100-partial-0of29) → 898 KB
    [checkpoint] Saved CAISO (threshold-100-partial-0of29) → 898 KB
    [checkpoint] Saved CAISO (threshold-100-partial-0of29) → 898 KB
    [checkpoint] Saved CAISO (threshold-100-partial-0of29) → 898 KB
    [checkpoint] Saved CAISO (threshold-100-partial-0of29) → 898 KB
    [checkpoint] Saved CAISO (threshold-100-partial-0of29) → 898 KB
    [checkpoint] Saved CAISO (threshold-100-partial-0of29) → 898 KB
    [checkpoint] Saved CAISO (threshold-100-partial-0of29) → 898 KB
    [checkpoint] Saved CAISO (threshold-100-partial-0of29) → 898 KB
    [cache] Saved CAISO 100% score cache: 1420966 entries (96.0 MB)
    [checkpoint] Saved CAISO (threshold-100-partial-0of29) → 898 KB
    [checkpoint] Saved CAISO (threshold-100-partial-0of29) → 898 KB
    [checkpoint] Saved CAISO (threshold-100-partial-0of29) → 898 KB
    [checkpoint] Saved CAISO (threshold-100-partial-0of29) → 898 KB
    [checkpoint] Saved CAISO (threshold-100-partial-0of29) → 898 KB
    [checkpoint] Saved CAISO (threshold-100-partial-0of29) → 898 KB
    [checkpoint] Saved CAISO (threshold-100-partial-0of29) → 898 KB
    [checkpoint] Saved CAISO (threshold-100-partial-0of29) → 898 KB
    [checkpoint] Saved CAISO (threshold-100-partial-0of29) → 898 KB
    [checkpoint] Saved CAISO (threshold-100-partial-0of29) → 898 KB
    [cache] Saved CAISO 100% score cache: 1420966 entries (96.0 MB)
    [checkpoint] Saved CAISO (threshold-100-partial-0of29) → 898 KB
    [checkpoint] Saved CAISO (threshold-100-partial-0of29) → 898 KB
    [checkpoint] Saved CAISO (threshold-100-partial-0of29) → 898 KB
    100%: 33 optimized scenarios, cache=1420966, 62.7s
    [checkpoint] Saved CAISO (threshold-100) → 898 KB
    [cache] Saved CAISO 100% score cache: 1420966 entries (96.0 MB)
  Monotonicity round 1: 292 violations across 4 threshold(s) — triggering re-sweep
    Re-sweeping 85%: 65 scenarios, 3 seed mixes, procurement [60-140%]
      Fixed 65 via re-sweep, 12 via cross-pollination
    Re-sweeping 87.5%: 108 scenarios, 1 seed mixes, procurement [67-160%]
