Loading data...
  CAISO: gen profiles averaged over 5 years (2021, 2022, 2023, 2024, 2025)
  ERCOT: gen profiles averaged over 5 years (2021, 2022, 2023, 2024, 2025)
  PJM: gen profiles averaged over 5 years (2021, 2022, 2023, 2024, 2025)
  NYISO: gen profiles averaged over 5 years (2021, 2022, 2023, 2024, 2025)
  NEISO: gen profiles averaged over 5 years (2021, 2022, 2023, 2024, 2025)
  CAISO: demand shape averaged over 5 years, scalars from 2025
  ERCOT: demand shape averaged over 5 years, scalars from 2025
  PJM: demand shape averaged over 5 years, scalars from 2025
  NYISO: demand shape averaged over 5 years, scalars from 2025
  NEISO: demand shape averaged over 5 years, scalars from 2025
  Data loaded.

======================================================================
  CAISO (California)
======================================================================
    [checkpoint] Resuming CAISO from threshold-80-partial-21of44: 1 thresholds done, partial 80% (21/324 scenarios)
  Resuming from checkpoint: sweep done, 1 thresholds complete
  Sweep: loaded from checkpoint (7 points)

  Cost-optimizing thresholds (324 scenarios each)... [1 done, 9 remaining]
    75%: loaded from checkpoint — skipping
    [cache] Loaded CAISO 80% score cache: 174673 entries
    80%: resuming from partial checkpoint (21/324 scenarios done)
      (pruned: 44 representative scenarios, filling 280 via cross-pollination)
    [checkpoint] Saved CAISO (threshold-80-partial-22of44) → 115 KB
    [cache] Saved CAISO 80% score cache: 284912 entries (19.5 MB)
    [checkpoint] Saved CAISO (threshold-80-partial-23of44) → 115 KB
    [checkpoint] Saved CAISO (threshold-80-partial-24of44) → 115 KB
    [checkpoint] Saved CAISO (threshold-80-partial-25of44) → 116 KB
